Flat profile:

Each sample counts as 0.01 seconds.
  %   cumulative   self              self     total           
 time   seconds   seconds    calls  Ts/call  Ts/call  name    
 89.36      9.20     9.20                             function_a(double const*, double const*, int)
 11.12     10.35     1.15                             init_datastructures(double*, double*, double*, int)
  0.00     10.35     0.00        1     0.00     0.00  _GLOBAL__sub_I__Z10function_aPKdS0_i
  0.00     10.35     0.00                             function_b(double, double const*, double const*, int)
  0.00     10.35     0.00                             function_c(double, double const*, double const*, int)
  0.00     10.35     0.00                             function_d(double const*, double const*, int)
  0.00     10.35     0.00                             print_results_to_file(double, double const*, double const*, double const*, double const*, long long, std::basic_ofstream<char, std::char_traits<char> >&)
  0.00     10.35     0.00                             __do_global_dtors_aux
  0.00     10.35     0.00                             __do_global_dtors_aux_fini_array_entry
  0.00     10.35     0.00                             __frame_dummy_init_array_entry
  0.00     10.35     0.00                             __gmon_start__
  0.00     10.35     0.00                             __libc_csu_fini
  0.00     10.35     0.00                             __libc_csu_init
  0.00     10.35     0.00                             _dl_relocate_static_pie
  0.00     10.35     0.00                             _fini
  0.00     10.35     0.00                             _init
  0.00     10.35     0.00                             _start
  0.00     10.35     0.00                             atexit
  0.00     10.35     0.00                             data_start
  0.00     10.35     0.00                             deregister_tm_clones
  0.00     10.35     0.00                             etext
  0.00     10.35     0.00                             frame_dummy
  0.00     10.35     0.00                             main
  0.00     10.35     0.00                             register_tm_clones

			Call graph


granularity: each sample hit covers 2 byte(s) for 0.10% of 10.35 seconds

index % time    self  children    called     name
                                                 <spontaneous>
[1]     88.9    9.20    0.00                 function_a(double const*, double const*, int) [1]
-----------------------------------------------
                                                 <spontaneous>
[2]     11.1    1.15    0.00                 init_datastructures(double*, double*, double*, int) [2]
-----------------------------------------------
                                                 <spontaneous>
[3]      0.0    0.00    0.00                 atexit [3]
-----------------------------------------------
                                                 <spontaneous>
[4]      0.0    0.00    0.00                 data_start [4]
-----------------------------------------------
                                                 <spontaneous>
[5]      0.0    0.00    0.00                 deregister_tm_clones [5]
-----------------------------------------------
                                                 <spontaneous>
[6]      0.0    0.00    0.00                 etext [6]
-----------------------------------------------
                                                 <spontaneous>
[7]      0.0    0.00    0.00                 frame_dummy [7]
-----------------------------------------------
                                                 <spontaneous>
[8]      0.0    0.00    0.00                 main [8]
-----------------------------------------------
                                                 <spontaneous>
[9]      0.0    0.00    0.00                 register_tm_clones [9]
-----------------------------------------------
                0.00    0.00       1/1           __libc_csu_init [20]
[10]     0.0    0.00    0.00       1         _GLOBAL__sub_I__Z10function_aPKdS0_i [10]
-----------------------------------------------
                                                 <spontaneous>
[11]     0.0    0.00    0.00                 function_b(double, double const*, double const*, int) [11]
-----------------------------------------------
                                                 <spontaneous>
[12]     0.0    0.00    0.00                 function_c(double, double const*, double const*, int) [12]
-----------------------------------------------
                                                 <spontaneous>
[13]     0.0    0.00    0.00                 function_d(double const*, double const*, int) [13]
-----------------------------------------------
                                                 <spontaneous>
[14]     0.0    0.00    0.00                 print_results_to_file(double, double const*, double const*, double const*, double const*, long long, std::basic_ofstream<char, std::char_traits<char> >&) [14]
-----------------------------------------------
                                                 <spontaneous>
[15]     0.0    0.00    0.00                 __do_global_dtors_aux [15]
-----------------------------------------------
                                                 <spontaneous>
[16]     0.0    0.00    0.00                 __do_global_dtors_aux_fini_array_entry [16]
-----------------------------------------------
                                                 <spontaneous>
[17]     0.0    0.00    0.00                 __frame_dummy_init_array_entry [17]
-----------------------------------------------
                                                 <spontaneous>
[18]     0.0    0.00    0.00                 __gmon_start__ [18]
-----------------------------------------------
                                                 <spontaneous>
[19]     0.0    0.00    0.00                 __libc_csu_fini [19]
-----------------------------------------------
                                                 <spontaneous>
[20]     0.0    0.00    0.00                 __libc_csu_init [20]
                0.00    0.00       1/1           _GLOBAL__sub_I__Z10function_aPKdS0_i [10]
-----------------------------------------------
                                                 <spontaneous>
[21]     0.0    0.00    0.00                 _dl_relocate_static_pie [21]
-----------------------------------------------
                                                 <spontaneous>
[22]     0.0    0.00    0.00                 _fini [22]
-----------------------------------------------
                                                 <spontaneous>
[23]     0.0    0.00    0.00                 _init [23]
-----------------------------------------------
                                                 <spontaneous>
[24]     0.0    0.00    0.00                 _start [24]
-----------------------------------------------

Index by function name

  [10] _GLOBAL__sub_I__Z10function_aPKdS0_i (number_crunching.cpp) [16] __do_global_dtors_aux_fini_array_entry [24] _start
   [1] function_a(double const*, double const*, int) [17] __frame_dummy_init_array_entry [3] atexit
  [11] function_b(double, double const*, double const*, int) [18] __gmon_start__ [4] data_start
  [12] function_c(double, double const*, double const*, int) [19] __libc_csu_fini [5] deregister_tm_clones
  [13] function_d(double const*, double const*, int) [20] __libc_csu_init [6] etext
   [2] init_datastructures(double*, double*, double*, int) [21] _dl_relocate_static_pie [7] frame_dummy
  [14] print_results_to_file(double, double const*, double const*, double const*, double const*, long long, std::basic_ofstream<char, std::char_traits<char> >&) [22] _fini [8] main
  [15] __do_global_dtors_aux  [23] _init                   [9] register_tm_clones
