INFO: You are running LIKWID in a cpuset with 1 CPUs. Taking given IDs as logical ID in cpuset
--------------------------------------------------------------------------------
CPU name:	AMD EPYC 7702 64-Core Processor
CPU type:	AMD K17 (Zen2) architecture
CPU clock:	2.00 GHz
--------------------------------------------------------------------------------
For correctness checking, partial results have been written to partial_results.out
--------------------------------------------------------------------------------
Region <all>, Group 1: MEM_DP
+-------------------+-------------+
|    Region Info    | HWThread 64 |
+-------------------+-------------+
| RDTSC Runtime [s] |    3.241745 |
|     call count    |           1 |
+-------------------+-------------+

+---------------------------+---------+-------------+
|           Event           | Counter | HWThread 64 |
+---------------------------+---------+-------------+
|      ACTUAL_CPU_CLOCK     |  FIXC1  | 10826260000 |
|       MAX_CPU_CLOCK       |  FIXC2  |  6471552000 |
|    RETIRED_INSTRUCTIONS   |   PMC0  | 20801950000 |
|    CPU_CLOCKS_UNHALTED    |   PMC1  |  7357736000 |
| RETIRED_SSE_AVX_FLOPS_ALL |   PMC2  |  3200220000 |
|           MERGE           |   PMC3  |           0 |
|       DRAM_CHANNEL_0      |   DFC0  |   303742500 |
|       DRAM_CHANNEL_1      |   DFC1  |   303744700 |
+---------------------------+---------+-------------+

+-----------------------------------+-------------+
|               Metric              | HWThread 64 |
+-----------------------------------+-------------+
|        Runtime (RDTSC) [s]        |      3.2417 |
|        Runtime unhalted [s]       |      5.4233 |
|            Clock [MHz]            |   3339.5018 |
|                CPI                |      0.3537 |
|            DP [MFLOP/s]           |    987.1905 |
|    Memory bandwidth [MBytes/s]    |  11993.2878 |
|    Memory data volume [GBytes]    |     38.8792 |
| Operational intensity [FLOP/Byte] |      0.0823 |
+-----------------------------------+-------------+

INFO: You are running LIKWID in a cpuset with 1 CPUs. Taking given IDs as logical ID in cpuset
--------------------------------------------------------------------------------
CPU name:	AMD EPYC 7702 64-Core Processor
CPU type:	AMD K17 (Zen2) architecture
CPU clock:	2.00 GHz
--------------------------------------------------------------------------------
For correctness checking, partial results have been written to partial_results.out
--------------------------------------------------------------------------------
Region <all>, Group 1: FLOPS_DP
+-------------------+-------------+
|    Region Info    | HWThread 64 |
+-------------------+-------------+
| RDTSC Runtime [s] |    3.244211 |
|     call count    |           1 |
+-------------------+-------------+

+---------------------------+---------+-------------+
|           Event           | Counter | HWThread 64 |
+---------------------------+---------+-------------+
|      ACTUAL_CPU_CLOCK     |  FIXC1  | 10833500000 |
|       MAX_CPU_CLOCK       |  FIXC2  |  6476412000 |
|    RETIRED_INSTRUCTIONS   |   PMC0  | 20801950000 |
|    CPU_CLOCKS_UNHALTED    |   PMC1  |  7361860000 |
| RETIRED_SSE_AVX_FLOPS_ALL |   PMC2  |  3200220000 |
|           MERGE           |   PMC3  |           0 |
+---------------------------+---------+-------------+

+----------------------+-------------+
|        Metric        | HWThread 64 |
+----------------------+-------------+
|  Runtime (RDTSC) [s] |      3.2442 |
| Runtime unhalted [s] |      5.4270 |
|      Clock [MHz]     |   3339.1943 |
|          CPI         |      0.3539 |
|     DP [MFLOP/s]     |    986.4402 |
+----------------------+-------------+

