For correctness checking, partial results have been written to partial_results.out
Flat profile:

Each sample counts as 0.01 seconds.
  %   cumulative   self              self     total           
 time   seconds   seconds    calls  Ts/call  Ts/call  name    
 53.20      0.09     0.09                             function_a(double const*, double const*, int)
 47.29      0.17     0.08                             init_datastructures(double*, double*, double*, int)
  0.00      0.17     0.00        1     0.00     0.00  _GLOBAL__sub_I__Z10function_aPKdS0_i
  0.00      0.17     0.00                             function_b(double, double const*, double const*, int)
  0.00      0.17     0.00                             function_c(double, double const*, double const*, int)
  0.00      0.17     0.00                             function_d(double const*, double const*, int)
  0.00      0.17     0.00                             print_results_to_file(double, double const*, double const*, double const*, double const*, long long, std::basic_ofstream<char, std::char_traits<char> >&)
  0.00      0.17     0.00                             __do_global_dtors_aux
  0.00      0.17     0.00                             __do_global_dtors_aux_fini_array_entry
  0.00      0.17     0.00                             __frame_dummy_init_array_entry
  0.00      0.17     0.00                             __gmon_start__
  0.00      0.17     0.00                             __libc_csu_fini
  0.00      0.17     0.00                             __libc_csu_init
  0.00      0.17     0.00                             _dl_relocate_static_pie
  0.00      0.17     0.00                             _fini
  0.00      0.17     0.00                             _init
  0.00      0.17     0.00                             _start
  0.00      0.17     0.00                             atexit
  0.00      0.17     0.00                             data_start
  0.00      0.17     0.00                             deregister_tm_clones
  0.00      0.17     0.00                             etext
  0.00      0.17     0.00                             frame_dummy
  0.00      0.17     0.00                             main
  0.00      0.17     0.00                             register_tm_clones

			Call graph


granularity: each sample hit covers 2 byte(s) for 5.85% of 0.17 seconds

index % time    self  children    called     name
                                                 <spontaneous>
[1]     52.9    0.09    0.00                 function_a(double const*, double const*, int) [1]
-----------------------------------------------
                                                 <spontaneous>
[2]     47.1    0.08    0.00                 init_datastructures(double*, double*, double*, int) [2]
-----------------------------------------------
                                                 <spontaneous>
[3]      0.0    0.00    0.00                 atexit [3]
-----------------------------------------------
                                                 <spontaneous>
[4]      0.0    0.00    0.00                 data_start [4]
-----------------------------------------------
                                                 <spontaneous>
[5]      0.0    0.00    0.00                 deregister_tm_clones [5]
-----------------------------------------------
                                                 <spontaneous>
[6]      0.0    0.00    0.00                 etext [6]
-----------------------------------------------
                                                 <spontaneous>
[7]      0.0    0.00    0.00                 frame_dummy [7]
-----------------------------------------------
                                                 <spontaneous>
[8]      0.0    0.00    0.00                 main [8]
-----------------------------------------------
                                                 <spontaneous>
[9]      0.0    0.00    0.00                 register_tm_clones [9]
-----------------------------------------------
                0.00    0.00       1/1           __libc_csu_init [20]
[10]     0.0    0.00    0.00       1         _GLOBAL__sub_I__Z10function_aPKdS0_i [10]
-----------------------------------------------
                                                 <spontaneous>
[11]     0.0    0.00    0.00                 function_b(double, double const*, double const*, int) [11]
-----------------------------------------------
                                                 <spontaneous>
[12]     0.0    0.00    0.00                 function_c(double, double const*, double const*, int) [12]
-----------------------------------------------
                                                 <spontaneous>
[13]     0.0    0.00    0.00                 function_d(double const*, double const*, int) [13]
-----------------------------------------------
                                                 <spontaneous>
[14]     0.0    0.00    0.00                 print_results_to_file(double, double const*, double const*, double const*, double const*, long long, std::basic_ofstream<char, std::char_traits<char> >&) [14]
-----------------------------------------------
                                                 <spontaneous>
[15]     0.0    0.00    0.00                 __do_global_dtors_aux [15]
-----------------------------------------------
                                                 <spontaneous>
[16]     0.0    0.00    0.00                 __do_global_dtors_aux_fini_array_entry [16]
-----------------------------------------------
                                                 <spontaneous>
[17]     0.0    0.00    0.00                 __frame_dummy_init_array_entry [17]
-----------------------------------------------
                                                 <spontaneous>
[18]     0.0    0.00    0.00                 __gmon_start__ [18]
-----------------------------------------------
                                                 <spontaneous>
[19]     0.0    0.00    0.00                 __libc_csu_fini [19]
-----------------------------------------------
                                                 <spontaneous>
[20]     0.0    0.00    0.00                 __libc_csu_init [20]
                0.00    0.00       1/1           _GLOBAL__sub_I__Z10function_aPKdS0_i [10]
-----------------------------------------------
                                                 <spontaneous>
[21]     0.0    0.00    0.00                 _dl_relocate_static_pie [21]
-----------------------------------------------
                                                 <spontaneous>
[22]     0.0    0.00    0.00                 _fini [22]
-----------------------------------------------
                                                 <spontaneous>
[23]     0.0    0.00    0.00                 _init [23]
-----------------------------------------------
                                                 <spontaneous>
[24]     0.0    0.00    0.00                 _start [24]
-----------------------------------------------

Index by function name

  [10] _GLOBAL__sub_I__Z10function_aPKdS0_i (number_crunching.cpp) [16] __do_global_dtors_aux_fini_array_entry [24] _start
   [1] function_a(double const*, double const*, int) [17] __frame_dummy_init_array_entry [3] atexit
  [11] function_b(double, double const*, double const*, int) [18] __gmon_start__ [4] data_start
  [12] function_c(double, double const*, double const*, int) [19] __libc_csu_fini [5] deregister_tm_clones
  [13] function_d(double const*, double const*, int) [20] __libc_csu_init [6] etext
   [2] init_datastructures(double*, double*, double*, int) [21] _dl_relocate_static_pie [7] frame_dummy
  [14] print_results_to_file(double, double const*, double const*, double const*, double const*, long long, std::basic_ofstream<char, std::char_traits<char> >&) [22] _fini [8] main
  [15] __do_global_dtors_aux  [23] _init                   [9] register_tm_clones
For correctness checking, partial results have been written to partial_results.out
Flat profile:

Each sample counts as 0.01 seconds.
  %   cumulative   self              self     total           
 time   seconds   seconds    calls  Ts/call  Ts/call  name    
 54.55      0.38     0.38                             function_a(double const*, double const*, int)
 45.94      0.70     0.32                             init_datastructures(double*, double*, double*, int)
  0.00      0.70     0.00        1     0.00     0.00  _GLOBAL__sub_I__Z10function_aPKdS0_i
  0.00      0.70     0.00                             function_b(double, double const*, double const*, int)
  0.00      0.70     0.00                             function_c(double, double const*, double const*, int)
  0.00      0.70     0.00                             function_d(double const*, double const*, int)
  0.00      0.70     0.00                             print_results_to_file(double, double const*, double const*, double const*, double const*, long long, std::basic_ofstream<char, std::char_traits<char> >&)
  0.00      0.70     0.00                             __do_global_dtors_aux
  0.00      0.70     0.00                             __do_global_dtors_aux_fini_array_entry
  0.00      0.70     0.00                             __frame_dummy_init_array_entry
  0.00      0.70     0.00                             __gmon_start__
  0.00      0.70     0.00                             __libc_csu_fini
  0.00      0.70     0.00                             __libc_csu_init
  0.00      0.70     0.00                             _dl_relocate_static_pie
  0.00      0.70     0.00                             _fini
  0.00      0.70     0.00                             _init
  0.00      0.70     0.00                             _start
  0.00      0.70     0.00                             atexit
  0.00      0.70     0.00                             data_start
  0.00      0.70     0.00                             deregister_tm_clones
  0.00      0.70     0.00                             etext
  0.00      0.70     0.00                             frame_dummy
  0.00      0.70     0.00                             main
  0.00      0.70     0.00                             register_tm_clones

			Call graph


granularity: each sample hit covers 2 byte(s) for 1.42% of 0.70 seconds

index % time    self  children    called     name
                                                 <spontaneous>
[1]     54.3    0.38    0.00                 function_a(double const*, double const*, int) [1]
-----------------------------------------------
                                                 <spontaneous>
[2]     45.7    0.32    0.00                 init_datastructures(double*, double*, double*, int) [2]
-----------------------------------------------
                                                 <spontaneous>
[3]      0.0    0.00    0.00                 atexit [3]
-----------------------------------------------
                                                 <spontaneous>
[4]      0.0    0.00    0.00                 data_start [4]
-----------------------------------------------
                                                 <spontaneous>
[5]      0.0    0.00    0.00                 deregister_tm_clones [5]
-----------------------------------------------
                                                 <spontaneous>
[6]      0.0    0.00    0.00                 etext [6]
-----------------------------------------------
                                                 <spontaneous>
[7]      0.0    0.00    0.00                 frame_dummy [7]
-----------------------------------------------
                                                 <spontaneous>
[8]      0.0    0.00    0.00                 main [8]
-----------------------------------------------
                                                 <spontaneous>
[9]      0.0    0.00    0.00                 register_tm_clones [9]
-----------------------------------------------
                0.00    0.00       1/1           __libc_csu_init [20]
[10]     0.0    0.00    0.00       1         _GLOBAL__sub_I__Z10function_aPKdS0_i [10]
-----------------------------------------------
                                                 <spontaneous>
[11]     0.0    0.00    0.00                 function_b(double, double const*, double const*, int) [11]
-----------------------------------------------
                                                 <spontaneous>
[12]     0.0    0.00    0.00                 function_c(double, double const*, double const*, int) [12]
-----------------------------------------------
                                                 <spontaneous>
[13]     0.0    0.00    0.00                 function_d(double const*, double const*, int) [13]
-----------------------------------------------
                                                 <spontaneous>
[14]     0.0    0.00    0.00                 print_results_to_file(double, double const*, double const*, double const*, double const*, long long, std::basic_ofstream<char, std::char_traits<char> >&) [14]
-----------------------------------------------
                                                 <spontaneous>
[15]     0.0    0.00    0.00                 __do_global_dtors_aux [15]
-----------------------------------------------
                                                 <spontaneous>
[16]     0.0    0.00    0.00                 __do_global_dtors_aux_fini_array_entry [16]
-----------------------------------------------
                                                 <spontaneous>
[17]     0.0    0.00    0.00                 __frame_dummy_init_array_entry [17]
-----------------------------------------------
                                                 <spontaneous>
[18]     0.0    0.00    0.00                 __gmon_start__ [18]
-----------------------------------------------
                                                 <spontaneous>
[19]     0.0    0.00    0.00                 __libc_csu_fini [19]
-----------------------------------------------
                                                 <spontaneous>
[20]     0.0    0.00    0.00                 __libc_csu_init [20]
                0.00    0.00       1/1           _GLOBAL__sub_I__Z10function_aPKdS0_i [10]
-----------------------------------------------
                                                 <spontaneous>
[21]     0.0    0.00    0.00                 _dl_relocate_static_pie [21]
-----------------------------------------------
                                                 <spontaneous>
[22]     0.0    0.00    0.00                 _fini [22]
-----------------------------------------------
                                                 <spontaneous>
[23]     0.0    0.00    0.00                 _init [23]
-----------------------------------------------
                                                 <spontaneous>
[24]     0.0    0.00    0.00                 _start [24]
-----------------------------------------------

Index by function name

  [10] _GLOBAL__sub_I__Z10function_aPKdS0_i (number_crunching.cpp) [16] __do_global_dtors_aux_fini_array_entry [24] _start
   [1] function_a(double const*, double const*, int) [17] __frame_dummy_init_array_entry [3] atexit
  [11] function_b(double, double const*, double const*, int) [18] __gmon_start__ [4] data_start
  [12] function_c(double, double const*, double const*, int) [19] __libc_csu_fini [5] deregister_tm_clones
  [13] function_d(double const*, double const*, int) [20] __libc_csu_init [6] etext
   [2] init_datastructures(double*, double*, double*, int) [21] _dl_relocate_static_pie [7] frame_dummy
  [14] print_results_to_file(double, double const*, double const*, double const*, double const*, long long, std::basic_ofstream<char, std::char_traits<char> >&) [22] _fini [8] main
  [15] __do_global_dtors_aux  [23] _init                   [9] register_tm_clones
For correctness checking, partial results have been written to partial_results.out
Flat profile:

Each sample counts as 0.01 seconds.
  %   cumulative   self              self     total           
 time   seconds   seconds    calls  Ts/call  Ts/call  name    
 53.76      0.84     0.84                             function_a(double const*, double const*, int)
 46.72      1.58     0.73                             init_datastructures(double*, double*, double*, int)
  0.00      1.58     0.00        1     0.00     0.00  _GLOBAL__sub_I__Z10function_aPKdS0_i
  0.00      1.58     0.00                             function_b(double, double const*, double const*, int)
  0.00      1.58     0.00                             function_c(double, double const*, double const*, int)
  0.00      1.58     0.00                             function_d(double const*, double const*, int)
  0.00      1.58     0.00                             print_results_to_file(double, double const*, double const*, double const*, double const*, long long, std::basic_ofstream<char, std::char_traits<char> >&)
  0.00      1.58     0.00                             __do_global_dtors_aux
  0.00      1.58     0.00                             __do_global_dtors_aux_fini_array_entry
  0.00      1.58     0.00                             __frame_dummy_init_array_entry
  0.00      1.58     0.00                             __gmon_start__
  0.00      1.58     0.00                             __libc_csu_fini
  0.00      1.58     0.00                             __libc_csu_init
  0.00      1.58     0.00                             _dl_relocate_static_pie
  0.00      1.58     0.00                             _fini
  0.00      1.58     0.00                             _init
  0.00      1.58     0.00                             _start
  0.00      1.58     0.00                             atexit
  0.00      1.58     0.00                             data_start
  0.00      1.58     0.00                             deregister_tm_clones
  0.00      1.58     0.00                             etext
  0.00      1.58     0.00                             frame_dummy
  0.00      1.58     0.00                             main
  0.00      1.58     0.00                             register_tm_clones

			Call graph


granularity: each sample hit covers 2 byte(s) for 0.63% of 1.58 seconds

index % time    self  children    called     name
                                                 <spontaneous>
[1]     53.5    0.84    0.00                 function_a(double const*, double const*, int) [1]
-----------------------------------------------
                                                 <spontaneous>
[2]     46.5    0.73    0.00                 init_datastructures(double*, double*, double*, int) [2]
-----------------------------------------------
                                                 <spontaneous>
[3]      0.0    0.00    0.00                 atexit [3]
-----------------------------------------------
                                                 <spontaneous>
[4]      0.0    0.00    0.00                 data_start [4]
-----------------------------------------------
                                                 <spontaneous>
[5]      0.0    0.00    0.00                 deregister_tm_clones [5]
-----------------------------------------------
                                                 <spontaneous>
[6]      0.0    0.00    0.00                 etext [6]
-----------------------------------------------
                                                 <spontaneous>
[7]      0.0    0.00    0.00                 frame_dummy [7]
-----------------------------------------------
                                                 <spontaneous>
[8]      0.0    0.00    0.00                 main [8]
-----------------------------------------------
                                                 <spontaneous>
[9]      0.0    0.00    0.00                 register_tm_clones [9]
-----------------------------------------------
                0.00    0.00       1/1           __libc_csu_init [20]
[10]     0.0    0.00    0.00       1         _GLOBAL__sub_I__Z10function_aPKdS0_i [10]
-----------------------------------------------
                                                 <spontaneous>
[11]     0.0    0.00    0.00                 function_b(double, double const*, double const*, int) [11]
-----------------------------------------------
                                                 <spontaneous>
[12]     0.0    0.00    0.00                 function_c(double, double const*, double const*, int) [12]
-----------------------------------------------
                                                 <spontaneous>
[13]     0.0    0.00    0.00                 function_d(double const*, double const*, int) [13]
-----------------------------------------------
                                                 <spontaneous>
[14]     0.0    0.00    0.00                 print_results_to_file(double, double const*, double const*, double const*, double const*, long long, std::basic_ofstream<char, std::char_traits<char> >&) [14]
-----------------------------------------------
                                                 <spontaneous>
[15]     0.0    0.00    0.00                 __do_global_dtors_aux [15]
-----------------------------------------------
                                                 <spontaneous>
[16]     0.0    0.00    0.00                 __do_global_dtors_aux_fini_array_entry [16]
-----------------------------------------------
                                                 <spontaneous>
[17]     0.0    0.00    0.00                 __frame_dummy_init_array_entry [17]
-----------------------------------------------
                                                 <spontaneous>
[18]     0.0    0.00    0.00                 __gmon_start__ [18]
-----------------------------------------------
                                                 <spontaneous>
[19]     0.0    0.00    0.00                 __libc_csu_fini [19]
-----------------------------------------------
                                                 <spontaneous>
[20]     0.0    0.00    0.00                 __libc_csu_init [20]
                0.00    0.00       1/1           _GLOBAL__sub_I__Z10function_aPKdS0_i [10]
-----------------------------------------------
                                                 <spontaneous>
[21]     0.0    0.00    0.00                 _dl_relocate_static_pie [21]
-----------------------------------------------
                                                 <spontaneous>
[22]     0.0    0.00    0.00                 _fini [22]
-----------------------------------------------
                                                 <spontaneous>
[23]     0.0    0.00    0.00                 _init [23]
-----------------------------------------------
                                                 <spontaneous>
[24]     0.0    0.00    0.00                 _start [24]
-----------------------------------------------

Index by function name

  [10] _GLOBAL__sub_I__Z10function_aPKdS0_i (number_crunching.cpp) [16] __do_global_dtors_aux_fini_array_entry [24] _start
   [1] function_a(double const*, double const*, int) [17] __frame_dummy_init_array_entry [3] atexit
  [11] function_b(double, double const*, double const*, int) [18] __gmon_start__ [4] data_start
  [12] function_c(double, double const*, double const*, int) [19] __libc_csu_fini [5] deregister_tm_clones
  [13] function_d(double const*, double const*, int) [20] __libc_csu_init [6] etext
   [2] init_datastructures(double*, double*, double*, int) [21] _dl_relocate_static_pie [7] frame_dummy
  [14] print_results_to_file(double, double const*, double const*, double const*, double const*, long long, std::basic_ofstream<char, std::char_traits<char> >&) [22] _fini [8] main
  [15] __do_global_dtors_aux  [23] _init                   [9] register_tm_clones
For correctness checking, partial results have been written to partial_results.out
Flat profile:

Each sample counts as 0.01 seconds.
  %   cumulative   self              self     total           
 time   seconds   seconds    calls  Ts/call  Ts/call  name    
 54.02      1.51     1.51                             function_a(double const*, double const*, int)
 46.46      2.80     1.30                             init_datastructures(double*, double*, double*, int)
  0.00      2.80     0.00        1     0.00     0.00  _GLOBAL__sub_I__Z10function_aPKdS0_i
  0.00      2.80     0.00                             function_b(double, double const*, double const*, int)
  0.00      2.80     0.00                             function_c(double, double const*, double const*, int)
  0.00      2.80     0.00                             function_d(double const*, double const*, int)
  0.00      2.80     0.00                             print_results_to_file(double, double const*, double const*, double const*, double const*, long long, std::basic_ofstream<char, std::char_traits<char> >&)
  0.00      2.80     0.00                             __do_global_dtors_aux
  0.00      2.80     0.00                             __do_global_dtors_aux_fini_array_entry
  0.00      2.80     0.00                             __frame_dummy_init_array_entry
  0.00      2.80     0.00                             __gmon_start__
  0.00      2.80     0.00                             __libc_csu_fini
  0.00      2.80     0.00                             __libc_csu_init
  0.00      2.80     0.00                             _dl_relocate_static_pie
  0.00      2.80     0.00                             _fini
  0.00      2.80     0.00                             _init
  0.00      2.80     0.00                             _start
  0.00      2.80     0.00                             atexit
  0.00      2.80     0.00                             data_start
  0.00      2.80     0.00                             deregister_tm_clones
  0.00      2.80     0.00                             etext
  0.00      2.80     0.00                             frame_dummy
  0.00      2.80     0.00                             main
  0.00      2.80     0.00                             register_tm_clones

			Call graph


granularity: each sample hit covers 2 byte(s) for 0.36% of 2.80 seconds

index % time    self  children    called     name
                                                 <spontaneous>
[1]     53.8    1.51    0.00                 function_a(double const*, double const*, int) [1]
-----------------------------------------------
                                                 <spontaneous>
[2]     46.2    1.30    0.00                 init_datastructures(double*, double*, double*, int) [2]
-----------------------------------------------
                                                 <spontaneous>
[3]      0.0    0.00    0.00                 atexit [3]
-----------------------------------------------
                                                 <spontaneous>
[4]      0.0    0.00    0.00                 data_start [4]
-----------------------------------------------
                                                 <spontaneous>
[5]      0.0    0.00    0.00                 deregister_tm_clones [5]
-----------------------------------------------
                                                 <spontaneous>
[6]      0.0    0.00    0.00                 etext [6]
-----------------------------------------------
                                                 <spontaneous>
[7]      0.0    0.00    0.00                 frame_dummy [7]
-----------------------------------------------
                                                 <spontaneous>
[8]      0.0    0.00    0.00                 main [8]
-----------------------------------------------
                                                 <spontaneous>
[9]      0.0    0.00    0.00                 register_tm_clones [9]
-----------------------------------------------
                0.00    0.00       1/1           __libc_csu_init [20]
[10]     0.0    0.00    0.00       1         _GLOBAL__sub_I__Z10function_aPKdS0_i [10]
-----------------------------------------------
                                                 <spontaneous>
[11]     0.0    0.00    0.00                 function_b(double, double const*, double const*, int) [11]
-----------------------------------------------
                                                 <spontaneous>
[12]     0.0    0.00    0.00                 function_c(double, double const*, double const*, int) [12]
-----------------------------------------------
                                                 <spontaneous>
[13]     0.0    0.00    0.00                 function_d(double const*, double const*, int) [13]
-----------------------------------------------
                                                 <spontaneous>
[14]     0.0    0.00    0.00                 print_results_to_file(double, double const*, double const*, double const*, double const*, long long, std::basic_ofstream<char, std::char_traits<char> >&) [14]
-----------------------------------------------
                                                 <spontaneous>
[15]     0.0    0.00    0.00                 __do_global_dtors_aux [15]
-----------------------------------------------
                                                 <spontaneous>
[16]     0.0    0.00    0.00                 __do_global_dtors_aux_fini_array_entry [16]
-----------------------------------------------
                                                 <spontaneous>
[17]     0.0    0.00    0.00                 __frame_dummy_init_array_entry [17]
-----------------------------------------------
                                                 <spontaneous>
[18]     0.0    0.00    0.00                 __gmon_start__ [18]
-----------------------------------------------
                                                 <spontaneous>
[19]     0.0    0.00    0.00                 __libc_csu_fini [19]
-----------------------------------------------
                                                 <spontaneous>
[20]     0.0    0.00    0.00                 __libc_csu_init [20]
                0.00    0.00       1/1           _GLOBAL__sub_I__Z10function_aPKdS0_i [10]
-----------------------------------------------
                                                 <spontaneous>
[21]     0.0    0.00    0.00                 _dl_relocate_static_pie [21]
-----------------------------------------------
                                                 <spontaneous>
[22]     0.0    0.00    0.00                 _fini [22]
-----------------------------------------------
                                                 <spontaneous>
[23]     0.0    0.00    0.00                 _init [23]
-----------------------------------------------
                                                 <spontaneous>
[24]     0.0    0.00    0.00                 _start [24]
-----------------------------------------------

Index by function name

  [10] _GLOBAL__sub_I__Z10function_aPKdS0_i (number_crunching.cpp) [16] __do_global_dtors_aux_fini_array_entry [24] _start
   [1] function_a(double const*, double const*, int) [17] __frame_dummy_init_array_entry [3] atexit
  [11] function_b(double, double const*, double const*, int) [18] __gmon_start__ [4] data_start
  [12] function_c(double, double const*, double const*, int) [19] __libc_csu_fini [5] deregister_tm_clones
  [13] function_d(double const*, double const*, int) [20] __libc_csu_init [6] etext
   [2] init_datastructures(double*, double*, double*, int) [21] _dl_relocate_static_pie [7] frame_dummy
  [14] print_results_to_file(double, double const*, double const*, double const*, double const*, long long, std::basic_ofstream<char, std::char_traits<char> >&) [22] _fini [8] main
  [15] __do_global_dtors_aux  [23] _init                   [9] register_tm_clones
For correctness checking, partial results have been written to partial_results.out
Flat profile:

Each sample counts as 0.01 seconds.
  %   cumulative   self              self     total           
 time   seconds   seconds    calls  Ts/call  Ts/call  name    
 53.81      2.35     2.35                             function_a(double const*, double const*, int)
 46.68      4.39     2.04                             init_datastructures(double*, double*, double*, int)
  0.00      4.39     0.00        1     0.00     0.00  _GLOBAL__sub_I__Z10function_aPKdS0_i
  0.00      4.39     0.00                             function_b(double, double const*, double const*, int)
  0.00      4.39     0.00                             function_c(double, double const*, double const*, int)
  0.00      4.39     0.00                             function_d(double const*, double const*, int)
  0.00      4.39     0.00                             print_results_to_file(double, double const*, double const*, double const*, double const*, long long, std::basic_ofstream<char, std::char_traits<char> >&)
  0.00      4.39     0.00                             __do_global_dtors_aux
  0.00      4.39     0.00                             __do_global_dtors_aux_fini_array_entry
  0.00      4.39     0.00                             __frame_dummy_init_array_entry
  0.00      4.39     0.00                             __gmon_start__
  0.00      4.39     0.00                             __libc_csu_fini
  0.00      4.39     0.00                             __libc_csu_init
  0.00      4.39     0.00                             _dl_relocate_static_pie
  0.00      4.39     0.00                             _fini
  0.00      4.39     0.00                             _init
  0.00      4.39     0.00                             _start
  0.00      4.39     0.00                             atexit
  0.00      4.39     0.00                             data_start
  0.00      4.39     0.00                             deregister_tm_clones
  0.00      4.39     0.00                             etext
  0.00      4.39     0.00                             frame_dummy
  0.00      4.39     0.00                             main
  0.00      4.39     0.00                             register_tm_clones

			Call graph


granularity: each sample hit covers 2 byte(s) for 0.23% of 4.39 seconds

index % time    self  children    called     name
                                                 <spontaneous>
[1]     53.5    2.35    0.00                 function_a(double const*, double const*, int) [1]
-----------------------------------------------
                                                 <spontaneous>
[2]     46.5    2.04    0.00                 init_datastructures(double*, double*, double*, int) [2]
-----------------------------------------------
                                                 <spontaneous>
[3]      0.0    0.00    0.00                 atexit [3]
-----------------------------------------------
                                                 <spontaneous>
[4]      0.0    0.00    0.00                 data_start [4]
-----------------------------------------------
                                                 <spontaneous>
[5]      0.0    0.00    0.00                 deregister_tm_clones [5]
-----------------------------------------------
                                                 <spontaneous>
[6]      0.0    0.00    0.00                 etext [6]
-----------------------------------------------
                                                 <spontaneous>
[7]      0.0    0.00    0.00                 frame_dummy [7]
-----------------------------------------------
                                                 <spontaneous>
[8]      0.0    0.00    0.00                 main [8]
-----------------------------------------------
                                                 <spontaneous>
[9]      0.0    0.00    0.00                 register_tm_clones [9]
-----------------------------------------------
                0.00    0.00       1/1           __libc_csu_init [20]
[10]     0.0    0.00    0.00       1         _GLOBAL__sub_I__Z10function_aPKdS0_i [10]
-----------------------------------------------
                                                 <spontaneous>
[11]     0.0    0.00    0.00                 function_b(double, double const*, double const*, int) [11]
-----------------------------------------------
                                                 <spontaneous>
[12]     0.0    0.00    0.00                 function_c(double, double const*, double const*, int) [12]
-----------------------------------------------
                                                 <spontaneous>
[13]     0.0    0.00    0.00                 function_d(double const*, double const*, int) [13]
-----------------------------------------------
                                                 <spontaneous>
[14]     0.0    0.00    0.00                 print_results_to_file(double, double const*, double const*, double const*, double const*, long long, std::basic_ofstream<char, std::char_traits<char> >&) [14]
-----------------------------------------------
                                                 <spontaneous>
[15]     0.0    0.00    0.00                 __do_global_dtors_aux [15]
-----------------------------------------------
                                                 <spontaneous>
[16]     0.0    0.00    0.00                 __do_global_dtors_aux_fini_array_entry [16]
-----------------------------------------------
                                                 <spontaneous>
[17]     0.0    0.00    0.00                 __frame_dummy_init_array_entry [17]
-----------------------------------------------
                                                 <spontaneous>
[18]     0.0    0.00    0.00                 __gmon_start__ [18]
-----------------------------------------------
                                                 <spontaneous>
[19]     0.0    0.00    0.00                 __libc_csu_fini [19]
-----------------------------------------------
                                                 <spontaneous>
[20]     0.0    0.00    0.00                 __libc_csu_init [20]
                0.00    0.00       1/1           _GLOBAL__sub_I__Z10function_aPKdS0_i [10]
-----------------------------------------------
                                                 <spontaneous>
[21]     0.0    0.00    0.00                 _dl_relocate_static_pie [21]
-----------------------------------------------
                                                 <spontaneous>
[22]     0.0    0.00    0.00                 _fini [22]
-----------------------------------------------
                                                 <spontaneous>
[23]     0.0    0.00    0.00                 _init [23]
-----------------------------------------------
                                                 <spontaneous>
[24]     0.0    0.00    0.00                 _start [24]
-----------------------------------------------

Index by function name

  [10] _GLOBAL__sub_I__Z10function_aPKdS0_i (number_crunching.cpp) [16] __do_global_dtors_aux_fini_array_entry [24] _start
   [1] function_a(double const*, double const*, int) [17] __frame_dummy_init_array_entry [3] atexit
  [11] function_b(double, double const*, double const*, int) [18] __gmon_start__ [4] data_start
  [12] function_c(double, double const*, double const*, int) [19] __libc_csu_fini [5] deregister_tm_clones
  [13] function_d(double const*, double const*, int) [20] __libc_csu_init [6] etext
   [2] init_datastructures(double*, double*, double*, int) [21] _dl_relocate_static_pie [7] frame_dummy
  [14] print_results_to_file(double, double const*, double const*, double const*, double const*, long long, std::basic_ofstream<char, std::char_traits<char> >&) [22] _fini [8] main
  [15] __do_global_dtors_aux  [23] _init                   [9] register_tm_clones
For correctness checking, partial results have been written to partial_results.out
Flat profile:

Each sample counts as 0.01 seconds.
  %   cumulative   self              self     total           
 time   seconds   seconds    calls  Ts/call  Ts/call  name    
 53.68      3.38     3.38                             function_a(double const*, double const*, int)
 46.81      6.32     2.94                             init_datastructures(double*, double*, double*, int)
  0.00      6.32     0.00        1     0.00     0.00  _GLOBAL__sub_I__Z10function_aPKdS0_i
  0.00      6.32     0.00                             function_b(double, double const*, double const*, int)
  0.00      6.32     0.00                             function_c(double, double const*, double const*, int)
  0.00      6.32     0.00                             function_d(double const*, double const*, int)
  0.00      6.32     0.00                             print_results_to_file(double, double const*, double const*, double const*, double const*, long long, std::basic_ofstream<char, std::char_traits<char> >&)
  0.00      6.32     0.00                             __do_global_dtors_aux
  0.00      6.32     0.00                             __do_global_dtors_aux_fini_array_entry
  0.00      6.32     0.00                             __frame_dummy_init_array_entry
  0.00      6.32     0.00                             __gmon_start__
  0.00      6.32     0.00                             __libc_csu_fini
  0.00      6.32     0.00                             __libc_csu_init
  0.00      6.32     0.00                             _dl_relocate_static_pie
  0.00      6.32     0.00                             _fini
  0.00      6.32     0.00                             _init
  0.00      6.32     0.00                             _start
  0.00      6.32     0.00                             atexit
  0.00      6.32     0.00                             data_start
  0.00      6.32     0.00                             deregister_tm_clones
  0.00      6.32     0.00                             etext
  0.00      6.32     0.00                             frame_dummy
  0.00      6.32     0.00                             main
  0.00      6.32     0.00                             register_tm_clones

			Call graph


granularity: each sample hit covers 2 byte(s) for 0.16% of 6.32 seconds

index % time    self  children    called     name
                                                 <spontaneous>
[1]     53.4    3.38    0.00                 function_a(double const*, double const*, int) [1]
-----------------------------------------------
                                                 <spontaneous>
[2]     46.6    2.94    0.00                 init_datastructures(double*, double*, double*, int) [2]
-----------------------------------------------
                                                 <spontaneous>
[3]      0.0    0.00    0.00                 atexit [3]
-----------------------------------------------
                                                 <spontaneous>
[4]      0.0    0.00    0.00                 data_start [4]
-----------------------------------------------
                                                 <spontaneous>
[5]      0.0    0.00    0.00                 deregister_tm_clones [5]
-----------------------------------------------
                                                 <spontaneous>
[6]      0.0    0.00    0.00                 etext [6]
-----------------------------------------------
                                                 <spontaneous>
[7]      0.0    0.00    0.00                 frame_dummy [7]
-----------------------------------------------
                                                 <spontaneous>
[8]      0.0    0.00    0.00                 main [8]
-----------------------------------------------
                                                 <spontaneous>
[9]      0.0    0.00    0.00                 register_tm_clones [9]
-----------------------------------------------
                0.00    0.00       1/1           __libc_csu_init [20]
[10]     0.0    0.00    0.00       1         _GLOBAL__sub_I__Z10function_aPKdS0_i [10]
-----------------------------------------------
                                                 <spontaneous>
[11]     0.0    0.00    0.00                 function_b(double, double const*, double const*, int) [11]
-----------------------------------------------
                                                 <spontaneous>
[12]     0.0    0.00    0.00                 function_c(double, double const*, double const*, int) [12]
-----------------------------------------------
                                                 <spontaneous>
[13]     0.0    0.00    0.00                 function_d(double const*, double const*, int) [13]
-----------------------------------------------
                                                 <spontaneous>
[14]     0.0    0.00    0.00                 print_results_to_file(double, double const*, double const*, double const*, double const*, long long, std::basic_ofstream<char, std::char_traits<char> >&) [14]
-----------------------------------------------
                                                 <spontaneous>
[15]     0.0    0.00    0.00                 __do_global_dtors_aux [15]
-----------------------------------------------
                                                 <spontaneous>
[16]     0.0    0.00    0.00                 __do_global_dtors_aux_fini_array_entry [16]
-----------------------------------------------
                                                 <spontaneous>
[17]     0.0    0.00    0.00                 __frame_dummy_init_array_entry [17]
-----------------------------------------------
                                                 <spontaneous>
[18]     0.0    0.00    0.00                 __gmon_start__ [18]
-----------------------------------------------
                                                 <spontaneous>
[19]     0.0    0.00    0.00                 __libc_csu_fini [19]
-----------------------------------------------
                                                 <spontaneous>
[20]     0.0    0.00    0.00                 __libc_csu_init [20]
                0.00    0.00       1/1           _GLOBAL__sub_I__Z10function_aPKdS0_i [10]
-----------------------------------------------
                                                 <spontaneous>
[21]     0.0    0.00    0.00                 _dl_relocate_static_pie [21]
-----------------------------------------------
                                                 <spontaneous>
[22]     0.0    0.00    0.00                 _fini [22]
-----------------------------------------------
                                                 <spontaneous>
[23]     0.0    0.00    0.00                 _init [23]
-----------------------------------------------
                                                 <spontaneous>
[24]     0.0    0.00    0.00                 _start [24]
-----------------------------------------------

Index by function name

  [10] _GLOBAL__sub_I__Z10function_aPKdS0_i (number_crunching.cpp) [16] __do_global_dtors_aux_fini_array_entry [24] _start
   [1] function_a(double const*, double const*, int) [17] __frame_dummy_init_array_entry [3] atexit
  [11] function_b(double, double const*, double const*, int) [18] __gmon_start__ [4] data_start
  [12] function_c(double, double const*, double const*, int) [19] __libc_csu_fini [5] deregister_tm_clones
  [13] function_d(double const*, double const*, int) [20] __libc_csu_init [6] etext
   [2] init_datastructures(double*, double*, double*, int) [21] _dl_relocate_static_pie [7] frame_dummy
  [14] print_results_to_file(double, double const*, double const*, double const*, double const*, long long, std::basic_ofstream<char, std::char_traits<char> >&) [22] _fini [8] main
  [15] __do_global_dtors_aux  [23] _init                   [9] register_tm_clones
For correctness checking, partial results have been written to partial_results.out
Flat profile:

Each sample counts as 0.01 seconds.
  %   cumulative   self              self     total           
 time   seconds   seconds    calls  Ts/call  Ts/call  name    
 90.56      4.49     4.49                             function_a(double const*, double const*, int)
  9.93      4.98     0.49                             init_datastructures(double*, double*, double*, int)
  0.00      4.98     0.00        1     0.00     0.00  _GLOBAL__sub_I__Z10function_aPKdS0_i
  0.00      4.98     0.00                             function_b(double, double const*, double const*, int)
  0.00      4.98     0.00                             function_c(double, double const*, double const*, int)
  0.00      4.98     0.00                             function_d(double const*, double const*, int)
  0.00      4.98     0.00                             print_results_to_file(double, double const*, double const*, double const*, double const*, long long, std::basic_ofstream<char, std::char_traits<char> >&)
  0.00      4.98     0.00                             __do_global_dtors_aux
  0.00      4.98     0.00                             __do_global_dtors_aux_fini_array_entry
  0.00      4.98     0.00                             __frame_dummy_init_array_entry
  0.00      4.98     0.00                             __gmon_start__
  0.00      4.98     0.00                             __libc_csu_fini
  0.00      4.98     0.00                             __libc_csu_init
  0.00      4.98     0.00                             _dl_relocate_static_pie
  0.00      4.98     0.00                             _fini
  0.00      4.98     0.00                             _init
  0.00      4.98     0.00                             _start
  0.00      4.98     0.00                             atexit
  0.00      4.98     0.00                             data_start
  0.00      4.98     0.00                             deregister_tm_clones
  0.00      4.98     0.00                             etext
  0.00      4.98     0.00                             frame_dummy
  0.00      4.98     0.00                             main
  0.00      4.98     0.00                             register_tm_clones

			Call graph


granularity: each sample hit covers 2 byte(s) for 0.20% of 4.98 seconds

index % time    self  children    called     name
                                                 <spontaneous>
[1]     90.1    4.49    0.00                 function_a(double const*, double const*, int) [1]
-----------------------------------------------
                                                 <spontaneous>
[2]      9.9    0.49    0.00                 init_datastructures(double*, double*, double*, int) [2]
-----------------------------------------------
                                                 <spontaneous>
[3]      0.0    0.00    0.00                 atexit [3]
-----------------------------------------------
                                                 <spontaneous>
[4]      0.0    0.00    0.00                 data_start [4]
-----------------------------------------------
                                                 <spontaneous>
[5]      0.0    0.00    0.00                 deregister_tm_clones [5]
-----------------------------------------------
                                                 <spontaneous>
[6]      0.0    0.00    0.00                 etext [6]
-----------------------------------------------
                                                 <spontaneous>
[7]      0.0    0.00    0.00                 frame_dummy [7]
-----------------------------------------------
                                                 <spontaneous>
[8]      0.0    0.00    0.00                 main [8]
-----------------------------------------------
                                                 <spontaneous>
[9]      0.0    0.00    0.00                 register_tm_clones [9]
-----------------------------------------------
                0.00    0.00       1/1           __libc_csu_init [20]
[10]     0.0    0.00    0.00       1         _GLOBAL__sub_I__Z10function_aPKdS0_i [10]
-----------------------------------------------
                                                 <spontaneous>
[11]     0.0    0.00    0.00                 function_b(double, double const*, double const*, int) [11]
-----------------------------------------------
                                                 <spontaneous>
[12]     0.0    0.00    0.00                 function_c(double, double const*, double const*, int) [12]
-----------------------------------------------
                                                 <spontaneous>
[13]     0.0    0.00    0.00                 function_d(double const*, double const*, int) [13]
-----------------------------------------------
                                                 <spontaneous>
[14]     0.0    0.00    0.00                 print_results_to_file(double, double const*, double const*, double const*, double const*, long long, std::basic_ofstream<char, std::char_traits<char> >&) [14]
-----------------------------------------------
                                                 <spontaneous>
[15]     0.0    0.00    0.00                 __do_global_dtors_aux [15]
-----------------------------------------------
                                                 <spontaneous>
[16]     0.0    0.00    0.00                 __do_global_dtors_aux_fini_array_entry [16]
-----------------------------------------------
                                                 <spontaneous>
[17]     0.0    0.00    0.00                 __frame_dummy_init_array_entry [17]
-----------------------------------------------
                                                 <spontaneous>
[18]     0.0    0.00    0.00                 __gmon_start__ [18]
-----------------------------------------------
                                                 <spontaneous>
[19]     0.0    0.00    0.00                 __libc_csu_fini [19]
-----------------------------------------------
                                                 <spontaneous>
[20]     0.0    0.00    0.00                 __libc_csu_init [20]
                0.00    0.00       1/1           _GLOBAL__sub_I__Z10function_aPKdS0_i [10]
-----------------------------------------------
                                                 <spontaneous>
[21]     0.0    0.00    0.00                 _dl_relocate_static_pie [21]
-----------------------------------------------
                                                 <spontaneous>
[22]     0.0    0.00    0.00                 _fini [22]
-----------------------------------------------
                                                 <spontaneous>
[23]     0.0    0.00    0.00                 _init [23]
-----------------------------------------------
                                                 <spontaneous>
[24]     0.0    0.00    0.00                 _start [24]
-----------------------------------------------

Index by function name

  [10] _GLOBAL__sub_I__Z10function_aPKdS0_i (number_crunching.cpp) [16] __do_global_dtors_aux_fini_array_entry [24] _start
   [1] function_a(double const*, double const*, int) [17] __frame_dummy_init_array_entry [3] atexit
  [11] function_b(double, double const*, double const*, int) [18] __gmon_start__ [4] data_start
  [12] function_c(double, double const*, double const*, int) [19] __libc_csu_fini [5] deregister_tm_clones
  [13] function_d(double const*, double const*, int) [20] __libc_csu_init [6] etext
   [2] init_datastructures(double*, double*, double*, int) [21] _dl_relocate_static_pie [7] frame_dummy
  [14] print_results_to_file(double, double const*, double const*, double const*, double const*, long long, std::basic_ofstream<char, std::char_traits<char> >&) [22] _fini [8] main
  [15] __do_global_dtors_aux  [23] _init                   [9] register_tm_clones
For correctness checking, partial results have been written to partial_results.out
Flat profile:

Each sample counts as 0.01 seconds.
  %   cumulative   self              self     total           
 time   seconds   seconds    calls  Ts/call  Ts/call  name    
 77.97      5.95     5.95                             function_a(double const*, double const*, int)
 22.52      7.67     1.72                             init_datastructures(double*, double*, double*, int)
  0.00      7.67     0.00        1     0.00     0.00  _GLOBAL__sub_I__Z10function_aPKdS0_i
  0.00      7.67     0.00                             function_b(double, double const*, double const*, int)
  0.00      7.67     0.00                             function_c(double, double const*, double const*, int)
  0.00      7.67     0.00                             function_d(double const*, double const*, int)
  0.00      7.67     0.00                             print_results_to_file(double, double const*, double const*, double const*, double const*, long long, std::basic_ofstream<char, std::char_traits<char> >&)
  0.00      7.67     0.00                             __do_global_dtors_aux
  0.00      7.67     0.00                             __do_global_dtors_aux_fini_array_entry
  0.00      7.67     0.00                             __frame_dummy_init_array_entry
  0.00      7.67     0.00                             __gmon_start__
  0.00      7.67     0.00                             __libc_csu_fini
  0.00      7.67     0.00                             __libc_csu_init
  0.00      7.67     0.00                             _dl_relocate_static_pie
  0.00      7.67     0.00                             _fini
  0.00      7.67     0.00                             _init
  0.00      7.67     0.00                             _start
  0.00      7.67     0.00                             atexit
  0.00      7.67     0.00                             data_start
  0.00      7.67     0.00                             deregister_tm_clones
  0.00      7.67     0.00                             etext
  0.00      7.67     0.00                             frame_dummy
  0.00      7.67     0.00                             main
  0.00      7.67     0.00                             register_tm_clones

			Call graph


granularity: each sample hit covers 2 byte(s) for 0.13% of 7.67 seconds

index % time    self  children    called     name
                                                 <spontaneous>
[1]     77.6    5.95    0.00                 function_a(double const*, double const*, int) [1]
-----------------------------------------------
                                                 <spontaneous>
[2]     22.4    1.72    0.00                 init_datastructures(double*, double*, double*, int) [2]
-----------------------------------------------
                                                 <spontaneous>
[3]      0.0    0.00    0.00                 atexit [3]
-----------------------------------------------
                                                 <spontaneous>
[4]      0.0    0.00    0.00                 data_start [4]
-----------------------------------------------
                                                 <spontaneous>
[5]      0.0    0.00    0.00                 deregister_tm_clones [5]
-----------------------------------------------
                                                 <spontaneous>
[6]      0.0    0.00    0.00                 etext [6]
-----------------------------------------------
                                                 <spontaneous>
[7]      0.0    0.00    0.00                 frame_dummy [7]
-----------------------------------------------
                                                 <spontaneous>
[8]      0.0    0.00    0.00                 main [8]
-----------------------------------------------
                                                 <spontaneous>
[9]      0.0    0.00    0.00                 register_tm_clones [9]
-----------------------------------------------
                0.00    0.00       1/1           __libc_csu_init [20]
[10]     0.0    0.00    0.00       1         _GLOBAL__sub_I__Z10function_aPKdS0_i [10]
-----------------------------------------------
                                                 <spontaneous>
[11]     0.0    0.00    0.00                 function_b(double, double const*, double const*, int) [11]
-----------------------------------------------
                                                 <spontaneous>
[12]     0.0    0.00    0.00                 function_c(double, double const*, double const*, int) [12]
-----------------------------------------------
                                                 <spontaneous>
[13]     0.0    0.00    0.00                 function_d(double const*, double const*, int) [13]
-----------------------------------------------
                                                 <spontaneous>
[14]     0.0    0.00    0.00                 print_results_to_file(double, double const*, double const*, double const*, double const*, long long, std::basic_ofstream<char, std::char_traits<char> >&) [14]
-----------------------------------------------
                                                 <spontaneous>
[15]     0.0    0.00    0.00                 __do_global_dtors_aux [15]
-----------------------------------------------
                                                 <spontaneous>
[16]     0.0    0.00    0.00                 __do_global_dtors_aux_fini_array_entry [16]
-----------------------------------------------
                                                 <spontaneous>
[17]     0.0    0.00    0.00                 __frame_dummy_init_array_entry [17]
-----------------------------------------------
                                                 <spontaneous>
[18]     0.0    0.00    0.00                 __gmon_start__ [18]
-----------------------------------------------
                                                 <spontaneous>
[19]     0.0    0.00    0.00                 __libc_csu_fini [19]
-----------------------------------------------
                                                 <spontaneous>
[20]     0.0    0.00    0.00                 __libc_csu_init [20]
                0.00    0.00       1/1           _GLOBAL__sub_I__Z10function_aPKdS0_i [10]
-----------------------------------------------
                                                 <spontaneous>
[21]     0.0    0.00    0.00                 _dl_relocate_static_pie [21]
-----------------------------------------------
                                                 <spontaneous>
[22]     0.0    0.00    0.00                 _fini [22]
-----------------------------------------------
                                                 <spontaneous>
[23]     0.0    0.00    0.00                 _init [23]
-----------------------------------------------
                                                 <spontaneous>
[24]     0.0    0.00    0.00                 _start [24]
-----------------------------------------------

Index by function name

  [10] _GLOBAL__sub_I__Z10function_aPKdS0_i (number_crunching.cpp) [16] __do_global_dtors_aux_fini_array_entry [24] _start
   [1] function_a(double const*, double const*, int) [17] __frame_dummy_init_array_entry [3] atexit
  [11] function_b(double, double const*, double const*, int) [18] __gmon_start__ [4] data_start
  [12] function_c(double, double const*, double const*, int) [19] __libc_csu_fini [5] deregister_tm_clones
  [13] function_d(double const*, double const*, int) [20] __libc_csu_init [6] etext
   [2] init_datastructures(double*, double*, double*, int) [21] _dl_relocate_static_pie [7] frame_dummy
  [14] print_results_to_file(double, double const*, double const*, double const*, double const*, long long, std::basic_ofstream<char, std::char_traits<char> >&) [22] _fini [8] main
  [15] __do_global_dtors_aux  [23] _init                   [9] register_tm_clones
For correctness checking, partial results have been written to partial_results.out
Flat profile:

Each sample counts as 0.01 seconds.
  %   cumulative   self              self     total           
 time   seconds   seconds    calls  Ts/call  Ts/call  name    
 71.24      7.59     7.59                             function_a(double const*, double const*, int)
 29.25     10.70     3.12                             init_datastructures(double*, double*, double*, int)
  0.00     10.70     0.00        1     0.00     0.00  _GLOBAL__sub_I__Z10function_aPKdS0_i
  0.00     10.70     0.00                             function_b(double, double const*, double const*, int)
  0.00     10.70     0.00                             function_c(double, double const*, double const*, int)
  0.00     10.70     0.00                             function_d(double const*, double const*, int)
  0.00     10.70     0.00                             print_results_to_file(double, double const*, double const*, double const*, double const*, long long, std::basic_ofstream<char, std::char_traits<char> >&)
  0.00     10.70     0.00                             __do_global_dtors_aux
  0.00     10.70     0.00                             __do_global_dtors_aux_fini_array_entry
  0.00     10.70     0.00                             __frame_dummy_init_array_entry
  0.00     10.70     0.00                             __gmon_start__
  0.00     10.70     0.00                             __libc_csu_fini
  0.00     10.70     0.00                             __libc_csu_init
  0.00     10.70     0.00                             _dl_relocate_static_pie
  0.00     10.70     0.00                             _fini
  0.00     10.70     0.00                             _init
  0.00     10.70     0.00                             _start
  0.00     10.70     0.00                             atexit
  0.00     10.70     0.00                             data_start
  0.00     10.70     0.00                             deregister_tm_clones
  0.00     10.70     0.00                             etext
  0.00     10.70     0.00                             frame_dummy
  0.00     10.70     0.00                             main
  0.00     10.70     0.00                             register_tm_clones

			Call graph


granularity: each sample hit covers 2 byte(s) for 0.09% of 10.70 seconds

index % time    self  children    called     name
                                                 <spontaneous>
[1]     70.9    7.59    0.00                 function_a(double const*, double const*, int) [1]
-----------------------------------------------
                                                 <spontaneous>
[2]     29.1    3.12    0.00                 init_datastructures(double*, double*, double*, int) [2]
-----------------------------------------------
                                                 <spontaneous>
[3]      0.0    0.00    0.00                 atexit [3]
-----------------------------------------------
                                                 <spontaneous>
[4]      0.0    0.00    0.00                 data_start [4]
-----------------------------------------------
                                                 <spontaneous>
[5]      0.0    0.00    0.00                 deregister_tm_clones [5]
-----------------------------------------------
                                                 <spontaneous>
[6]      0.0    0.00    0.00                 etext [6]
-----------------------------------------------
                                                 <spontaneous>
[7]      0.0    0.00    0.00                 frame_dummy [7]
-----------------------------------------------
                                                 <spontaneous>
[8]      0.0    0.00    0.00                 main [8]
-----------------------------------------------
                                                 <spontaneous>
[9]      0.0    0.00    0.00                 register_tm_clones [9]
-----------------------------------------------
                0.00    0.00       1/1           __libc_csu_init [20]
[10]     0.0    0.00    0.00       1         _GLOBAL__sub_I__Z10function_aPKdS0_i [10]
-----------------------------------------------
                                                 <spontaneous>
[11]     0.0    0.00    0.00                 function_b(double, double const*, double const*, int) [11]
-----------------------------------------------
                                                 <spontaneous>
[12]     0.0    0.00    0.00                 function_c(double, double const*, double const*, int) [12]
-----------------------------------------------
                                                 <spontaneous>
[13]     0.0    0.00    0.00                 function_d(double const*, double const*, int) [13]
-----------------------------------------------
                                                 <spontaneous>
[14]     0.0    0.00    0.00                 print_results_to_file(double, double const*, double const*, double const*, double const*, long long, std::basic_ofstream<char, std::char_traits<char> >&) [14]
-----------------------------------------------
                                                 <spontaneous>
[15]     0.0    0.00    0.00                 __do_global_dtors_aux [15]
-----------------------------------------------
                                                 <spontaneous>
[16]     0.0    0.00    0.00                 __do_global_dtors_aux_fini_array_entry [16]
-----------------------------------------------
                                                 <spontaneous>
[17]     0.0    0.00    0.00                 __frame_dummy_init_array_entry [17]
-----------------------------------------------
                                                 <spontaneous>
[18]     0.0    0.00    0.00                 __gmon_start__ [18]
-----------------------------------------------
                                                 <spontaneous>
[19]     0.0    0.00    0.00                 __libc_csu_fini [19]
-----------------------------------------------
                                                 <spontaneous>
[20]     0.0    0.00    0.00                 __libc_csu_init [20]
                0.00    0.00       1/1           _GLOBAL__sub_I__Z10function_aPKdS0_i [10]
-----------------------------------------------
                                                 <spontaneous>
[21]     0.0    0.00    0.00                 _dl_relocate_static_pie [21]
-----------------------------------------------
                                                 <spontaneous>
[22]     0.0    0.00    0.00                 _fini [22]
-----------------------------------------------
                                                 <spontaneous>
[23]     0.0    0.00    0.00                 _init [23]
-----------------------------------------------
                                                 <spontaneous>
[24]     0.0    0.00    0.00                 _start [24]
-----------------------------------------------

Index by function name

  [10] _GLOBAL__sub_I__Z10function_aPKdS0_i (number_crunching.cpp) [16] __do_global_dtors_aux_fini_array_entry [24] _start
   [1] function_a(double const*, double const*, int) [17] __frame_dummy_init_array_entry [3] atexit
  [11] function_b(double, double const*, double const*, int) [18] __gmon_start__ [4] data_start
  [12] function_c(double, double const*, double const*, int) [19] __libc_csu_fini [5] deregister_tm_clones
  [13] function_d(double const*, double const*, int) [20] __libc_csu_init [6] etext
   [2] init_datastructures(double*, double*, double*, int) [21] _dl_relocate_static_pie [7] frame_dummy
  [14] print_results_to_file(double, double const*, double const*, double const*, double const*, long long, std::basic_ofstream<char, std::char_traits<char> >&) [22] _fini [8] main
  [15] __do_global_dtors_aux  [23] _init                   [9] register_tm_clones
For correctness checking, partial results have been written to partial_results.out
Flat profile:

Each sample counts as 0.01 seconds.
  %   cumulative   self              self     total           
 time   seconds   seconds    calls  Ts/call  Ts/call  name    
 89.36      9.20     9.20                             function_a(double const*, double const*, int)
 11.12     10.35     1.15                             init_datastructures(double*, double*, double*, int)
  0.00     10.35     0.00        1     0.00     0.00  _GLOBAL__sub_I__Z10function_aPKdS0_i
  0.00     10.35     0.00                             function_b(double, double const*, double const*, int)
  0.00     10.35     0.00                             function_c(double, double const*, double const*, int)
  0.00     10.35     0.00                             function_d(double const*, double const*, int)
  0.00     10.35     0.00                             print_results_to_file(double, double const*, double const*, double const*, double const*, long long, std::basic_ofstream<char, std::char_traits<char> >&)
  0.00     10.35     0.00                             __do_global_dtors_aux
  0.00     10.35     0.00                             __do_global_dtors_aux_fini_array_entry
  0.00     10.35     0.00                             __frame_dummy_init_array_entry
  0.00     10.35     0.00                             __gmon_start__
  0.00     10.35     0.00                             __libc_csu_fini
  0.00     10.35     0.00                             __libc_csu_init
  0.00     10.35     0.00                             _dl_relocate_static_pie
  0.00     10.35     0.00                             _fini
  0.00     10.35     0.00                             _init
  0.00     10.35     0.00                             _start
  0.00     10.35     0.00                             atexit
  0.00     10.35     0.00                             data_start
  0.00     10.35     0.00                             deregister_tm_clones
  0.00     10.35     0.00                             etext
  0.00     10.35     0.00                             frame_dummy
  0.00     10.35     0.00                             main
  0.00     10.35     0.00                             register_tm_clones

			Call graph


granularity: each sample hit covers 2 byte(s) for 0.10% of 10.35 seconds

index % time    self  children    called     name
                                                 <spontaneous>
[1]     88.9    9.20    0.00                 function_a(double const*, double const*, int) [1]
-----------------------------------------------
                                                 <spontaneous>
[2]     11.1    1.15    0.00                 init_datastructures(double*, double*, double*, int) [2]
-----------------------------------------------
                                                 <spontaneous>
[3]      0.0    0.00    0.00                 atexit [3]
-----------------------------------------------
                                                 <spontaneous>
[4]      0.0    0.00    0.00                 data_start [4]
-----------------------------------------------
                                                 <spontaneous>
[5]      0.0    0.00    0.00                 deregister_tm_clones [5]
-----------------------------------------------
                                                 <spontaneous>
[6]      0.0    0.00    0.00                 etext [6]
-----------------------------------------------
                                                 <spontaneous>
[7]      0.0    0.00    0.00                 frame_dummy [7]
-----------------------------------------------
                                                 <spontaneous>
[8]      0.0    0.00    0.00                 main [8]
-----------------------------------------------
                                                 <spontaneous>
[9]      0.0    0.00    0.00                 register_tm_clones [9]
-----------------------------------------------
                0.00    0.00       1/1           __libc_csu_init [20]
[10]     0.0    0.00    0.00       1         _GLOBAL__sub_I__Z10function_aPKdS0_i [10]
-----------------------------------------------
                                                 <spontaneous>
[11]     0.0    0.00    0.00                 function_b(double, double const*, double const*, int) [11]
-----------------------------------------------
                                                 <spontaneous>
[12]     0.0    0.00    0.00                 function_c(double, double const*, double const*, int) [12]
-----------------------------------------------
                                                 <spontaneous>
[13]     0.0    0.00    0.00                 function_d(double const*, double const*, int) [13]
-----------------------------------------------
                                                 <spontaneous>
[14]     0.0    0.00    0.00                 print_results_to_file(double, double const*, double const*, double const*, double const*, long long, std::basic_ofstream<char, std::char_traits<char> >&) [14]
-----------------------------------------------
                                                 <spontaneous>
[15]     0.0    0.00    0.00                 __do_global_dtors_aux [15]
-----------------------------------------------
                                                 <spontaneous>
[16]     0.0    0.00    0.00                 __do_global_dtors_aux_fini_array_entry [16]
-----------------------------------------------
                                                 <spontaneous>
[17]     0.0    0.00    0.00                 __frame_dummy_init_array_entry [17]
-----------------------------------------------
                                                 <spontaneous>
[18]     0.0    0.00    0.00                 __gmon_start__ [18]
-----------------------------------------------
                                                 <spontaneous>
[19]     0.0    0.00    0.00                 __libc_csu_fini [19]
-----------------------------------------------
                                                 <spontaneous>
[20]     0.0    0.00    0.00                 __libc_csu_init [20]
                0.00    0.00       1/1           _GLOBAL__sub_I__Z10function_aPKdS0_i [10]
-----------------------------------------------
                                                 <spontaneous>
[21]     0.0    0.00    0.00                 _dl_relocate_static_pie [21]
-----------------------------------------------
                                                 <spontaneous>
[22]     0.0    0.00    0.00                 _fini [22]
-----------------------------------------------
                                                 <spontaneous>
[23]     0.0    0.00    0.00                 _init [23]
-----------------------------------------------
                                                 <spontaneous>
[24]     0.0    0.00    0.00                 _start [24]
-----------------------------------------------

Index by function name

  [10] _GLOBAL__sub_I__Z10function_aPKdS0_i (number_crunching.cpp) [16] __do_global_dtors_aux_fini_array_entry [24] _start
   [1] function_a(double const*, double const*, int) [17] __frame_dummy_init_array_entry [3] atexit
  [11] function_b(double, double const*, double const*, int) [18] __gmon_start__ [4] data_start
  [12] function_c(double, double const*, double const*, int) [19] __libc_csu_fini [5] deregister_tm_clones
  [13] function_d(double const*, double const*, int) [20] __libc_csu_init [6] etext
   [2] init_datastructures(double*, double*, double*, int) [21] _dl_relocate_static_pie [7] frame_dummy
  [14] print_results_to_file(double, double const*, double const*, double const*, double const*, long long, std::basic_ofstream<char, std::char_traits<char> >&) [22] _fini [8] main
  [15] __do_global_dtors_aux  [23] _init                   [9] register_tm_clones
