INFO: You are running LIKWID in a cpuset with 1 CPUs. Taking given IDs as logical ID in cpuset
--------------------------------------------------------------------------------
CPU name:	AMD EPYC 7702 64-Core Processor
CPU type:	AMD K17 (Zen2) architecture
CPU clock:	2.00 GHz
--------------------------------------------------------------------------------
For correctness checking, partial results have been written to partial_results.out
--------------------------------------------------------------------------------
Region <init_datastructures>, Group 1: MEM_DP
+-------------------+-------------+
|    Region Info    | HWThread 64 |
+-------------------+-------------+
| RDTSC Runtime [s] |    1.743622 |
|     call count    |           1 |
+-------------------+-------------+

+---------------------------+---------+-------------+
|           Event           | Counter | HWThread 64 |
+---------------------------+---------+-------------+
|      ACTUAL_CPU_CLOCK     |  FIXC1  |  5822150000 |
|       MAX_CPU_CLOCK       |  FIXC2  |  3480932000 |
|    RETIRED_INSTRUCTIONS   |   PMC0  | 11200460000 |
|    CPU_CLOCKS_UNHALTED    |   PMC1  |  2365994000 |
| RETIRED_SSE_AVX_FLOPS_ALL |   PMC2  |          12 |
|           MERGE           |   PMC3  |           0 |
|       DRAM_CHANNEL_0      |   DFC0  |   203552200 |
|       DRAM_CHANNEL_1      |   DFC1  |   203555600 |
+---------------------------+---------+-------------+

+-----------------------------------+--------------+
|               Metric              |  HWThread 64 |
+-----------------------------------+--------------+
|        Runtime (RDTSC) [s]        |       1.7436 |
|        Runtime unhalted [s]       |       2.9166 |
|            Clock [MHz]            |    3338.8701 |
|                CPI                |       0.2112 |
|            DP [MFLOP/s]           | 6.882226e-06 |
|    Memory bandwidth [MBytes/s]    |   14942.9746 |
|    Memory data volume [GBytes]    |      26.0549 |
| Operational intensity [FLOP/Byte] | 4.605660e-10 |
+-----------------------------------+--------------+

Region <function_a>, Group 1: MEM_DP
+-------------------+-------------+
|    Region Info    | HWThread 64 |
+-------------------+-------------+
| RDTSC Runtime [s] |    1.496955 |
|     call count    |           1 |
+-------------------+-------------+

+---------------------------+---------+-------------+
|           Event           | Counter | HWThread 64 |
+---------------------------+---------+-------------+
|      ACTUAL_CPU_CLOCK     |  FIXC1  |  4999295000 |
|       MAX_CPU_CLOCK       |  FIXC2  |  2988518000 |
|    RETIRED_INSTRUCTIONS   |   PMC0  |  9600616000 |
|    CPU_CLOCKS_UNHALTED    |   PMC1  |  4985047000 |
| RETIRED_SSE_AVX_FLOPS_ALL |   PMC2  |  3200000000 |
|           MERGE           |   PMC3  |           0 |
|       DRAM_CHANNEL_0      |   DFC0  |   100171200 |
|       DRAM_CHANNEL_1      |   DFC1  |   100171400 |
+---------------------------+---------+-------------+

+-----------------------------------+-------------+
|               Metric              | HWThread 64 |
+-----------------------------------+-------------+
|        Runtime (RDTSC) [s]        |      1.4970 |
|        Runtime unhalted [s]       |      2.5044 |
|            Clock [MHz]            |   3339.3701 |
|                CPI                |      0.5192 |
|            DP [MFLOP/s]           |   2137.6728 |
|    Memory bandwidth [MBytes/s]    |   8565.3386 |
|    Memory data volume [GBytes]    |     12.8219 |
| Operational intensity [FLOP/Byte] |      0.2496 |
+-----------------------------------+-------------+

INFO: You are running LIKWID in a cpuset with 1 CPUs. Taking given IDs as logical ID in cpuset
--------------------------------------------------------------------------------
CPU name:	AMD EPYC 7702 64-Core Processor
CPU type:	AMD K17 (Zen2) architecture
CPU clock:	2.00 GHz
--------------------------------------------------------------------------------
For correctness checking, partial results have been written to partial_results.out
--------------------------------------------------------------------------------
Region <init_datastructures>, Group 1: FLOPS_DP
+-------------------+-------------+
|    Region Info    | HWThread 64 |
+-------------------+-------------+
| RDTSC Runtime [s] |    1.743692 |
|     call count    |           1 |
+-------------------+-------------+

+---------------------------+---------+-------------+
|           Event           | Counter | HWThread 64 |
+---------------------------+---------+-------------+
|      ACTUAL_CPU_CLOCK     |  FIXC1  |  5822820000 |
|       MAX_CPU_CLOCK       |  FIXC2  |  3480991000 |
|    RETIRED_INSTRUCTIONS   |   PMC0  | 11200460000 |
|    CPU_CLOCKS_UNHALTED    |   PMC1  |  2371482000 |
| RETIRED_SSE_AVX_FLOPS_ALL |   PMC2  |          10 |
|           MERGE           |   PMC3  |           0 |
+---------------------------+---------+-------------+

+----------------------+--------------+
|        Metric        |  HWThread 64 |
+----------------------+--------------+
|  Runtime (RDTSC) [s] |       1.7437 |
| Runtime unhalted [s] |       2.9170 |
|      Clock [MHz]     |    3339.0687 |
|          CPI         |       0.2117 |
|     DP [MFLOP/s]     | 5.734958e-06 |
+----------------------+--------------+

Region <function_a>, Group 1: FLOPS_DP
+-------------------+-------------+
|    Region Info    | HWThread 64 |
+-------------------+-------------+
| RDTSC Runtime [s] |    1.498152 |
|     call count    |           1 |
+-------------------+-------------+

+---------------------------+---------+-------------+
|           Event           | Counter | HWThread 64 |
+---------------------------+---------+-------------+
|      ACTUAL_CPU_CLOCK     |  FIXC1  |  5003238000 |
|       MAX_CPU_CLOCK       |  FIXC2  |  2990823000 |
|    RETIRED_INSTRUCTIONS   |   PMC0  |  9600614000 |
|    CPU_CLOCKS_UNHALTED    |   PMC1  |  4989097000 |
| RETIRED_SSE_AVX_FLOPS_ALL |   PMC2  |  3200000000 |
|           MERGE           |   PMC3  |           0 |
+---------------------------+---------+-------------+

+----------------------+-------------+
|        Metric        | HWThread 64 |
+----------------------+-------------+
|  Runtime (RDTSC) [s] |      1.4982 |
| Runtime unhalted [s] |      2.5064 |
|      Clock [MHz]     |   3339.2993 |
|          CPI         |      0.5197 |
|     DP [MFLOP/s]     |   2135.9648 |
+----------------------+-------------+

